# SOFTSUSY3.5.0 SLHA compliant output
# B.C. Allanach, Comput. Phys. Commun. 143 (2002) 305-331, hep-ph/0104145
Block SPINFO          # Program information
     1    SOFTSUSY    # spectrum calculator
     2    3.5.0       # version number
Block MODSEL  # Select model
     1    0   # nonUniversal
Block SMINPUTS             # Standard Model inputs
     1    1.27934000e+02   # alpha_em^(-1)(MZ) SM MSbar
     2    1.16637000e-05   # G_Fermi
     3    1.18700000e-01   # alpha_s(MZ)MSbar
     4    9.11876000e+01   # MZ(pole)
     5    4.18000000e+00   # mb(mb)
     6    1.73200000e+02   # Mtop(pole)
     7    1.77700000e+00   # Mtau(pole)
Block MINPAR               # SUSY breaking input parameters
     3    1.00000000e+01   # tanb, DRbar, Feynman gauge
Block EXTPAR               # non-universal SUSY breaking parameters
     0    -1.00000000e+00  # Set MX=MSUSY
     1     8.00000000e+02  # M_1(MX)
     2     2.50000000e+03  # M_2(MX)
     3     9.60000000e+02  # M_3(MX)
     11    0.00000000e+00  # At(MX)
     12    0.00000000e+00  # Ab(MX)
     13    0.00000000e+00  # Atau(MX)
     23    2.50000000e+03  # mu(MX)
     26    2.50000000e+03  # mA(pole)
     31    2.50000000e+03  # meL(MX)
     32    2.50000000e+03  # mmuL(MX)
     33    2.50000000e+03  # mtauL(MX)
     34    2.50000000e+03  # meR(MX)
     35    2.50000000e+03  # mmuR(MX)
     36    2.50000000e+03  # mtauR(MX)
     41    9.60000000e+02  # mqL1(MX)
     42    9.60000000e+02  # mqL2(MX)
     43    2.50000000e+03  # mqL3(MX)
     44    9.60000000e+02  # muR(MX)
     45    9.60000000e+02  # mcR(MX)
     46    2.50000000e+03  # mtR(MX)
     47    9.60000000e+02  # mdR(MX)
     48    9.60000000e+02  # msR(MX)
     49    2.50000000e+03  # mbR(MX)
# SOFTSUSY-specific non SLHA information:
# MIXING=0 Desired accuracy=1.00000000e-03 Achieved accuracy=7.51667956e-04
# 3-loop RGE corrections are on. 2-loop Yukawa/g3 thresholds are on
# 2-loop t-quark O(a_s^2) thresholds are on
# 2-loop b-quark O(a_s^2) thresholds are on
# 2-loop b-quark O(a_s y^2) and O(y^4) thresholds are on
# 2-loop tau-lepton  O(y^4) thresholds are on
# 2-loop a_s  O(a_s^2) and O(a_s y^2) thresholds are on
Block MASS                      # Mass spectrum
# PDG code     mass             particle
        24     8.03894655e+01   # MW
        25     1.15064468e+02   # h0
        35     2.50007886e+03   # H0
        36     2.49999158e+03   # A0
        37     2.50165705e+03   # H+
   1000021     1.08493598e+03   # ~g
   1000022     7.89594924e+02   # ~neutralino(1)
   1000023     2.43135114e+03   # ~neutralino(2)
   1000024     2.43144954e+03   # ~chargino(1)
   1000025    -2.50069970e+03   # ~neutralino(3)
   1000035     2.55152900e+03   # ~neutralino(4)
   1000037     2.55159509e+03   # ~chargino(2)
   1000001     1.05657770e+03   # ~d_L
   1000002     1.05386178e+03   # ~u_L
   1000003     1.05657770e+03   # ~s_L
   1000004     1.05386178e+03   # ~c_L
   1000005     2.52505750e+03   # ~b_1
   1000006     2.52735617e+03   # ~t_1
   1000011     2.51897119e+03   # ~e_L
   1000012     2.51742324e+03   # ~nue_L
   1000013     2.51897119e+03   # ~mu_L
   1000014     2.51742324e+03   # ~numu_L
   1000015     2.49951397e+03   # ~stau_1
   1000016     2.51720051e+03   # ~nu_tau_L
   2000001     1.02640500e+03   # ~d_R
   2000002     1.02439958e+03   # ~u_R
   2000003     1.02640500e+03   # ~s_R
   2000004     1.02439958e+03   # ~c_R
   2000005     2.55318836e+03   # ~b_2
   2000006     2.55561413e+03   # ~t_2
   2000011     2.50390762e+03   # ~e_R
   2000013     2.50390762e+03   # ~mu_R
   2000015     2.52273364e+03   # ~stau_2
Block alpha                     # Effective Higgs mixing parameter
          -1.04571714e-01       # alpha - evaluated at p^2=0
Block nmix                  # neutralino mixing matrix
  1  1     9.99758270e-01   # N_{1,1}
  1  2    -4.62559357e-04   # N_{1,2}
  1  3     2.03553331e-02   # N_{1,3}
  1  4    -8.29749026e-03   # N_{1,4}
  2  1     1.26066070e-02   # N_{2,1}
  2  2     7.99483877e-01   # N_{2,2}
  2  3    -4.30192038e-01   # N_{2,3}
  2  4     4.19048225e-01   # N_{2,4}
  3  1    -8.51938868e-03   # N_{3,1}
  3  2     9.85735245e-03   # N_{3,2}
  3  3     7.06922167e-01   # N_{3,3}
  3  4     7.07171339e-01   # N_{3,4}
  4  1    -1.58712120e-02   # N_{4,1}
  4  2     6.00606485e-01   # N_{4,2}
  4  3     5.61053937e-01   # N_{4,3}
  4  4    -5.69419384e-01   # N_{4,4}
Block Umix                  # chargino U mixing matrix 
  1  1     7.57287236e-01   # U_{1,1}
  1  2    -6.53081957e-01   # U_{1,2}
  2  1     6.53081957e-01   # U_{2,1}
  2  2     7.57287236e-01   # U_{2,2}
Block Vmix                  # chargino V mixing matrix 
  1  1     7.70076969e-01   # V_{1,1}
  1  2    -6.37950987e-01   # V_{1,2}
  2  1     6.37950987e-01   # V_{2,1}
  2  2     7.70076969e-01   # V_{2,2}
Block stopmix               # stop mixing matrix
  1  1     3.71010458e-01   # F_{11}
  1  2     9.28628688e-01   # F_{12}
  2  1     9.28628688e-01   # F_{21}
  2  2    -3.71010458e-01   # F_{22}
Block sbotmix               # sbottom mixing matrix
  1  1     3.86456058e-01   # F_{11}
  1  2     9.22307820e-01   # F_{12}
  2  1     9.22307820e-01   # F_{21}
  2  2    -3.86456058e-01   # F_{22}
Block staumix               # stau mixing matrix
  1  1     4.08634417e-01   # F_{11}
  1  2     9.12698150e-01   # F_{12}
  2  1     9.12698150e-01   # F_{21}
  2  2    -4.08634417e-01   # F_{22}
Block gauge Q= 2.50351884e+03  # SM gauge couplings
     1     3.64500080e-01   # g'(Q)MSSM DRbar
     2     6.36784029e-01   # g(Q)MSSM DRbar
     3     1.02697267e+00   # g3(Q)MSSM DRbar
Block yu Q= 2.50351884e+03  
  3  3     8.17355766e-01   # Yt(Q)MSSM DRbar
Block yd Q= 2.50351884e+03  
  3  3     1.21811750e-01   # Yb(Q)MSSM DRbar
Block ye Q= 2.50351884e+03  
  3  3     9.98933330e-02   # Ytau(Q)MSSM DRbar
Block hmix Q= 2.50351884e+03 # Higgs mixing parameters
     1     2.50000000e+03    # mu(Q)MSSM DRbar
     2     9.56211963e+00    # tan beta(Q)MSSM DRbar Feynman gauge
     3     2.44012292e+02    # higgs vev(Q)MSSM DRbar Feynman gauge
     4     6.16281923e+06    # mA^2(Q)MSSM DRbar
Block msoft Q= 2.50351884e+03  # MSSM DRbar SUSY breaking parameters
     1     8.00000000e+02      # M_1(Q)
     2     2.50000000e+03      # M_2(Q)
     3     9.60000000e+02      # M_3(Q)
    21    -1.70283829e+05      # mH1^2(Q)
    22    -6.07715724e+06      # mH2^2(Q)
    31     2.50000000e+03      # meL(Q)
    32     2.50000000e+03      # mmuL(Q)
    33     2.50000000e+03      # mtauL(Q)
    34     2.50000000e+03      # meR(Q)
    35     2.50000000e+03      # mmuR(Q)
    36     2.50000000e+03      # mtauR(Q)
    41     9.59999999e+02      # mqL1(Q)
    42     9.59999999e+02      # mqL2(Q)
    43     2.50000000e+03      # mqL3(Q)
    44     9.59999999e+02      # muR(Q)
    45     9.59999999e+02      # mcR(Q)
    46     2.50000000e+03      # mtR(Q)
    47     9.59999999e+02      # mdR(Q)
    48     9.59999999e+02      # msR(Q)
    49     2.50000000e+03      # mbR(Q)
Block au Q= 2.50351884e+03  
  1  1     4.10550192e-06      # Au(Q)MSSM DRbar
  2  2     1.90338253e-06      # Ac(Q)MSSM DRbar
  3  3     2.90979049e-06      # At(Q)MSSM DRbar
Block ad Q= 2.50351884e+03  
  1  1     9.55836048e-07      # Ad(Q)MSSM DRbar
  2  2     9.55846732e-07      # As(Q)MSSM DRbar
  3  3     1.31482777e-06      # Ab(Q)MSSM DRbar
Block ae Q= 2.50351884e+03  
  1  1     0.00000000e+00      # Ae(Q)MSSM DRbar
  2  2     2.50394091e-08      # Amu(Q)MSSM DRbar
  3  3     2.49732898e-08      # Atau(Q)MSSM DRbar
